<html>
<head>
<title>TestNG:  Default test</title>
<link href="../testng.css" rel="stylesheet" type="text/css" />
<link href="../my-testng.css" rel="stylesheet" type="text/css" />

<style type="text/css">
.log { display: none;} 
.stack-trace { display: none;} 
</style>
<script type="text/javascript">
<!--
function flip(e) {
  current = e.style.display;
  if (current == 'block') {
    e.style.display = 'none';
    return 0;
  }
  else {
    e.style.display = 'block';
    return 1;
  }
}

function toggleBox(szDivId, elem, msg1, msg2)
{
  var res = -1;  if (document.getElementById) {
    res = flip(document.getElementById(szDivId));
  }
  else if (document.all) {
    // this is the way old msie versions work
    res = flip(document.all[szDivId]);
  }
  if(elem) {
    if(res == 0) elem.innerHTML = msg1; else elem.innerHTML = msg2;
  }

}

function toggleAllBoxes() {
  if (document.getElementsByTagName) {
    d = document.getElementsByTagName('div');
    for (i = 0; i < d.length; i++) {
      if (d[i].className == 'log') {
        flip(d[i]);
      }
    }
  }
}

// -->
</script>

</head>
<body>
<h2 align='center'>Default test</h2><table border='1' align="center">
<tr>
<td>Tests passed/Failed/Skipped:</td><td>0/1/0</td>
</tr><tr>
<td>Started on:</td><td>Tue Jul 12 01:20:12 IST 2022</td>
</tr>
<tr><td>Total time:</td><td>36 seconds (36612 ms)</td>
</tr><tr>
<td>Included groups:</td><td></td>
</tr><tr>
<td>Excluded groups:</td><td></td>
</tr>
</table><p/>
<small><i>(Hover the method name to see the test class name)</i></small><p/>
<table width='100%' border='1' class='invocation-failed'>
<tr><td colspan='4' align='center'><b>FAILED TESTS</b></td></tr>
<tr><td><b>Test method</b></td>
<td><b>Attribute(s)</b></td>
<td width="30%"><b>Exception</b></td>
<td width="10%"><b>Time (seconds)</b></td>
<td><b>Instance</b></td>
</tr>
<tr>
<td title='automationLabsTest.playwright.addUsersTest.homePageTest()'><b>homePageTest</b><br>Test class: automationLabsTest.playwright.addUsersTest</td>
<td><div><pre>com.microsoft.playwright.PlaywrightException: Error {
  message=&apos;Unexpected token &quot;&quot; while parsing selector &quot;&quot;
  name=&apos;Error
  stack=&apos;Error: Unexpected token &quot;&quot; while parsing selector &quot;&quot;
    at unexpected (C:\Users\rbran\AppData\Local\Temp\playwright-java-11286779570436502517\package\lib\server\isomorphic\cssParser.js:67:12)
    at consumeSimpleSelector (C:\Users\rbran\AppData\Local\Temp\playwright-java-11286779570436502517\package\lib\server\isomorphic\cssParser.js:232:51)
    at consumeComplexSelector (C:\Users\rbran\AppData\Local\Temp\playwright-java-11286779570436502517\package\lib\server\isomorphic\cssParser.js:149:19)
    at consumeArgument (C:\Users\rbran\AppData\Local\Temp\playwright-java-11286779570436502517\package\lib\server\isomorphic\cssParser.js:127:12)
    at consumeFunctionArguments (C:\Users\rbran\AppData\Local\Temp\playwright-java-11286779570436502517\package\lib\server\isomorphic\cssParser.js:111:21)
    at parseCSS (C:\Users\rbran\AppData\Local\Temp\playwright-java-11286779570436502517\package\lib\server\isomorphic\cssParser.js:247:18)
    at C:\Users\rbran\AppData\Local\Temp\playwright-java-11286779570436502517\package\lib\server\isomorphic\selectorParser.js:52:49
    at Array.map (&lt;anonymous&gt;)
    at parseSelector (C:\Users\rbran\AppData\Local\Temp\playwright-java-11286779570436502517\package\lib\server\isomorphic\selectorParser.js:49:30)
    at splitSelectorByFrame (C:\Users\rbran\AppData\Local\Temp\playwright-java-11286779570436502517\package\lib\server\isomorphic\selectorParser.js:101:20)
}
	at com.microsoft.playwright.impl.WaitableResult.get(WaitableResult.java:54)
	at com.microsoft.playwright.impl.ChannelOwner.runUntil(ChannelOwner.java:103)
	at com.microsoft.playwright.impl.Connection.sendMessage(Connection.java:106)
	at com.microsoft.playwright.impl.ChannelOwner.sendMessage(ChannelOwner.java:94)
	at com.microsoft.playwright.impl.FrameImpl.clickImpl(FrameImpl.java:255)
	at com.microsoft.playwright.impl.FrameImpl.lambda$click$9(FrameImpl.java:246)
	at com.microsoft.playwright.impl.LoggingSupport.lambda$withLogging$0(LoggingSupport.java:36)
	at com.microsoft.playwright.impl.LoggingSupport.withLogging(LoggingSupport.java:47)
	at com.microsoft.playwright.impl.ChannelOwner.withLogging(ChannelOwner.java:79)
	at com.microsoft.playwright.impl.LoggingSupport.withLogging(LoggingSupport.java:35)
	at com.microsoft.playwright.impl.FrameImpl.click(FrameImpl.java:246)
	at com.microsoft.playwright.impl.LocatorImpl.click(LocatorImpl.java:132)
	at com.microsoft.playwright.Locator.click(Locator.java:1731)
	at automationLabsTest.playwright.addUsersTest.homePageTest(addUsersTest.java:40)
	at java.base/jdk.internal.reflect.NativeMethodAccessorImpl.invoke0(Native Method)
	at java.base/jdk.internal.reflect.NativeMethodAccessorImpl.invoke(NativeMethodAccessorImpl.java:77)
	at java.base/jdk.internal.reflect.DelegatingMethodAccessorImpl.invoke(DelegatingMethodAccessorImpl.java:43)
	at java.base/java.lang.reflect.Method.invoke(Method.java:568)
	at org.testng.internal.invokers.MethodInvocationHelper.invokeMethod(MethodInvocationHelper.java:139)
	at org.testng.internal.invokers.TestInvoker.invokeMethod(TestInvoker.java:677)
	at org.testng.internal.invokers.TestInvoker.invokeTestMethod(TestInvoker.java:221)
	at org.testng.internal.invokers.MethodRunner.runInSequence(MethodRunner.java:50)
	at org.testng.internal.invokers.TestInvoker$MethodInvocationAgent.invoke(TestInvoker.java:962)
	at org.testng.internal.invokers.TestInvoker.invokeTestMethods(TestInvoker.java:194)
	at org.testng.internal.invokers.TestMethodWorker.invokeTestMethods(TestMethodWorker.java:148)
	at org.testng.internal.invokers.TestMethodWorker.run(TestMethodWorker.java:128)
	at java.base/java.util.ArrayList.forEach(ArrayList.java:1511)
	at org.testng.TestRunner.privateRun(TestRunner.java:806)
	at org.testng.TestRunner.run(TestRunner.java:601)
	at org.testng.SuiteRunner.runTest(SuiteRunner.java:433)
	at org.testng.SuiteRunner.runSequentially(SuiteRunner.java:427)
	at org.testng.SuiteRunner.privateRun(SuiteRunner.java:387)
	at org.testng.SuiteRunner.run(SuiteRunner.java:330)
	at org.testng.SuiteRunnerWorker.runSuite(SuiteRunnerWorker.java:52)
	at org.testng.SuiteRunnerWorker.run(SuiteRunnerWorker.java:95)
	at org.testng.TestNG.runSuitesSequentially(TestNG.java:1256)
	at org.testng.TestNG.runSuitesLocally(TestNG.java:1176)
	at org.testng.TestNG.runSuites(TestNG.java:1099)
	at org.testng.TestNG.run(TestNG.java:1067)
	at org.testng.remote.AbstractRemoteTestNG.run(AbstractRemoteTestNG.java:115)
	at org.testng.remote.RemoteTestNG.initAndRun(RemoteTestNG.java:251)
	at org.testng.remote.RemoteTestNG.main(RemoteTestNG.java:77)
Caused by: com.microsoft.playwright.impl.DriverException: Error {
  message=&apos;Unexpected token &quot;&quot; while parsing selector &quot;&quot;
  name=&apos;Error
  stack=&apos;Error: Unexpected token &quot;&quot; while parsing selector &quot;&quot;
    at unexpected (C:\Users\rbran\AppData\Local\Temp\playwright-java-11286779570436502517\package\lib\server\isomorphic\cssParser.js:67:12)
    at consumeSimpleSelector (C:\Users\rbran\AppData\Local\Temp\playwright-java-11286779570436502517\package\lib\server\isomorphic\cssParser.js:232:51)
    at consumeComplexSelector (C:\Users\rbran\AppData\Local\Temp\playwright-java-11286779570436502517\package\lib\server\isomorphic\cssParser.js:149:19)
    at consumeArgument (C:\Users\rbran\AppData\Local\Temp\playwright-java-11286779570436502517\package\lib\server\isomorphic\cssParser.js:127:12)
    at consumeFunctionArguments (C:\Users\rbran\AppData\Local\Temp\playwright-java-11286779570436502517\package\lib\server\isomorphic\cssParser.js:111:21)
    at parseCSS (C:\Users\rbran\AppData\Local\Temp\playwright-java-11286779570436502517\package\lib\server\isomorphic\cssParser.js:247:18)
    at C:\Users\rbran\AppData\Local\Temp\playwright-java-11286779570436502517\package\lib\server\isomorphic\selectorParser.js:52:49
    at Array.map (&lt;anonymous&gt;)
    at parseSelector (C:\Users\rbran\AppData\Local\Temp\playwright-java-11286779570436502517\package\lib\server\isomorphic\selectorParser.js:49:30)
    at splitSelectorByFrame (C:\Users\rbran\AppData\Local\Temp\playwright-java-11286779570436502517\package\lib\server\isomorphic\selectorParser.js:101:20)
}
	at com.microsoft.playwright.impl.Connection.dispatch(Connection.java:188)
	at com.microsoft.playwright.impl.Connection.processOneMessage(Connection.java:168)
	at com.microsoft.playwright.impl.ChannelOwner.runUntil(ChannelOwner.java:101)
	... 40 more
</pre></div><a href='#' onClick='toggleBox("stack-trace872306601", this, "Click to show all stack frames", "Click to hide stack frames")'>Click to show all stack frames</a>
<div class='stack-trace' id='stack-trace872306601'><pre>com.microsoft.playwright.PlaywrightException: Error {
  message=&apos;Unexpected token &quot;&quot; while parsing selector &quot;&quot;
  name=&apos;Error
  stack=&apos;Error: Unexpected token &quot;&quot; while parsing selector &quot;&quot;
    at unexpected (C:\Users\rbran\AppData\Local\Temp\playwright-java-11286779570436502517\package\lib\server\isomorphic\cssParser.js:67:12)
    at consumeSimpleSelector (C:\Users\rbran\AppData\Local\Temp\playwright-java-11286779570436502517\package\lib\server\isomorphic\cssParser.js:232:51)
    at consumeComplexSelector (C:\Users\rbran\AppData\Local\Temp\playwright-java-11286779570436502517\package\lib\server\isomorphic\cssParser.js:149:19)
    at consumeArgument (C:\Users\rbran\AppData\Local\Temp\playwright-java-11286779570436502517\package\lib\server\isomorphic\cssParser.js:127:12)
    at consumeFunctionArguments (C:\Users\rbran\AppData\Local\Temp\playwright-java-11286779570436502517\package\lib\server\isomorphic\cssParser.js:111:21)
    at parseCSS (C:\Users\rbran\AppData\Local\Temp\playwright-java-11286779570436502517\package\lib\server\isomorphic\cssParser.js:247:18)
    at C:\Users\rbran\AppData\Local\Temp\playwright-java-11286779570436502517\package\lib\server\isomorphic\selectorParser.js:52:49
    at Array.map (&lt;anonymous&gt;)
    at parseSelector (C:\Users\rbran\AppData\Local\Temp\playwright-java-11286779570436502517\package\lib\server\isomorphic\selectorParser.js:49:30)
    at splitSelectorByFrame (C:\Users\rbran\AppData\Local\Temp\playwright-java-11286779570436502517\package\lib\server\isomorphic\selectorParser.js:101:20)
}
	at com.microsoft.playwright.impl.WaitableResult.get(WaitableResult.java:54)
	at com.microsoft.playwright.impl.ChannelOwner.runUntil(ChannelOwner.java:103)
	at com.microsoft.playwright.impl.Connection.sendMessage(Connection.java:106)
	at com.microsoft.playwright.impl.ChannelOwner.sendMessage(ChannelOwner.java:94)
	at com.microsoft.playwright.impl.FrameImpl.clickImpl(FrameImpl.java:255)
	at com.microsoft.playwright.impl.FrameImpl.lambda$click$9(FrameImpl.java:246)
	at com.microsoft.playwright.impl.LoggingSupport.lambda$withLogging$0(LoggingSupport.java:36)
	at com.microsoft.playwright.impl.LoggingSupport.withLogging(LoggingSupport.java:47)
	at com.microsoft.playwright.impl.ChannelOwner.withLogging(ChannelOwner.java:79)
	at com.microsoft.playwright.impl.LoggingSupport.withLogging(LoggingSupport.java:35)
	at com.microsoft.playwright.impl.FrameImpl.click(FrameImpl.java:246)
	at com.microsoft.playwright.impl.LocatorImpl.click(LocatorImpl.java:132)
	at com.microsoft.playwright.Locator.click(Locator.java:1731)
	at automationLabsTest.playwright.addUsersTest.homePageTest(addUsersTest.java:40)
	at java.base/jdk.internal.reflect.NativeMethodAccessorImpl.invoke0(Native Method)
	at java.base/jdk.internal.reflect.NativeMethodAccessorImpl.invoke(NativeMethodAccessorImpl.java:77)
	at java.base/jdk.internal.reflect.DelegatingMethodAccessorImpl.invoke(DelegatingMethodAccessorImpl.java:43)
	at java.base/java.lang.reflect.Method.invoke(Method.java:568)
	at org.testng.internal.invokers.MethodInvocationHelper.invokeMethod(MethodInvocationHelper.java:139)
	at org.testng.internal.invokers.TestInvoker.invokeMethod(TestInvoker.java:677)
	at org.testng.internal.invokers.TestInvoker.invokeTestMethod(TestInvoker.java:221)
	at org.testng.internal.invokers.MethodRunner.runInSequence(MethodRunner.java:50)
	at org.testng.internal.invokers.TestInvoker$MethodInvocationAgent.invoke(TestInvoker.java:962)
	at org.testng.internal.invokers.TestInvoker.invokeTestMethods(TestInvoker.java:194)
	at org.testng.internal.invokers.TestMethodWorker.invokeTestMethods(TestMethodWorker.java:148)
	at org.testng.internal.invokers.TestMethodWorker.run(TestMethodWorker.java:128)
	at java.base/java.util.ArrayList.forEach(ArrayList.java:1511)
	at org.testng.TestRunner.privateRun(TestRunner.java:806)
	at org.testng.TestRunner.run(TestRunner.java:601)
	at org.testng.SuiteRunner.runTest(SuiteRunner.java:433)
	at org.testng.SuiteRunner.runSequentially(SuiteRunner.java:427)
	at org.testng.SuiteRunner.privateRun(SuiteRunner.java:387)
	at org.testng.SuiteRunner.run(SuiteRunner.java:330)
	at org.testng.SuiteRunnerWorker.runSuite(SuiteRunnerWorker.java:52)
	at org.testng.SuiteRunnerWorker.run(SuiteRunnerWorker.java:95)
	at org.testng.TestNG.runSuitesSequentially(TestNG.java:1256)
	at org.testng.TestNG.runSuitesLocally(TestNG.java:1176)
	at org.testng.TestNG.runSuites(TestNG.java:1099)
	at org.testng.TestNG.run(TestNG.java:1067)
	at org.testng.remote.AbstractRemoteTestNG.run(AbstractRemoteTestNG.java:115)
	at org.testng.remote.RemoteTestNG.initAndRun(RemoteTestNG.java:251)
	at org.testng.remote.RemoteTestNG.main(RemoteTestNG.java:77)
Caused by: com.microsoft.playwright.impl.DriverException: Error {
  message=&apos;Unexpected token &quot;&quot; while parsing selector &quot;&quot;
  name=&apos;Error
  stack=&apos;Error: Unexpected token &quot;&quot; while parsing selector &quot;&quot;
    at unexpected (C:\Users\rbran\AppData\Local\Temp\playwright-java-11286779570436502517\package\lib\server\isomorphic\cssParser.js:67:12)
    at consumeSimpleSelector (C:\Users\rbran\AppData\Local\Temp\playwright-java-11286779570436502517\package\lib\server\isomorphic\cssParser.js:232:51)
    at consumeComplexSelector (C:\Users\rbran\AppData\Local\Temp\playwright-java-11286779570436502517\package\lib\server\isomorphic\cssParser.js:149:19)
    at consumeArgument (C:\Users\rbran\AppData\Local\Temp\playwright-java-11286779570436502517\package\lib\server\isomorphic\cssParser.js:127:12)
    at consumeFunctionArguments (C:\Users\rbran\AppData\Local\Temp\playwright-java-11286779570436502517\package\lib\server\isomorphic\cssParser.js:111:21)
    at parseCSS (C:\Users\rbran\AppData\Local\Temp\playwright-java-11286779570436502517\package\lib\server\isomorphic\cssParser.js:247:18)
    at C:\Users\rbran\AppData\Local\Temp\playwright-java-11286779570436502517\package\lib\server\isomorphic\selectorParser.js:52:49
    at Array.map (&lt;anonymous&gt;)
    at parseSelector (C:\Users\rbran\AppData\Local\Temp\playwright-java-11286779570436502517\package\lib\server\isomorphic\selectorParser.js:49:30)
    at splitSelectorByFrame (C:\Users\rbran\AppData\Local\Temp\playwright-java-11286779570436502517\package\lib\server\isomorphic\selectorParser.js:101:20)
}
	at com.microsoft.playwright.impl.Connection.dispatch(Connection.java:188)
	at com.microsoft.playwright.impl.Connection.processOneMessage(Connection.java:168)
	at com.microsoft.playwright.impl.ChannelOwner.runUntil(ChannelOwner.java:101)
	... 40 more
</pre></div></td>
<td>21</td>
<td>automationLabsTest.playwright.addUsersTest@66d3eec0</td></tr>
</table><p>
</body>
</html>