<?xml version="1.0" encoding="UTF-8"?>
<testng-results ignored="0" total="1" passed="0" failed="1" skipped="0">
  <reporter-output>
  </reporter-output>
  <suite started-at="2022-07-12T01:20:12 IST" name="Default suite" finished-at="2022-07-12T01:20:49 IST" duration-ms="36612">
    <groups>
    </groups>
    <test started-at="2022-07-12T01:20:12 IST" name="Default test" finished-at="2022-07-12T01:20:49 IST" duration-ms="36612">
      <class name="automationLabsTest.playwright.addUsersTest">
        <test-method is-config="true" signature="setup()[pri:0, instance:automationLabsTest.playwright.addUsersTest@66d3eec0]" started-at="2022-07-12T01:20:12 IST" name="setup" finished-at="2022-07-12T01:20:21 IST" duration-ms="8686" status="PASS">
          <reporter-output>
          </reporter-output>
        </test-method> <!-- setup -->
        <test-method signature="homePageTest()[pri:0, instance:automationLabsTest.playwright.addUsersTest@66d3eec0]" started-at="2022-07-12T01:20:21 IST" name="homePageTest" finished-at="2022-07-12T01:20:42 IST" duration-ms="21603" status="FAIL">
          <exception class="com.microsoft.playwright.PlaywrightException">
            <message>
              <![CDATA[Error {
  message='Unexpected token "" while parsing selector ""
  name='Error
  stack='Error: Unexpected token "" while parsing selector ""
    at unexpected (C:\Users\rbran\AppData\Local\Temp\playwright-java-11286779570436502517\package\lib\server\isomorphic\cssParser.js:67:12)
    at consumeSimpleSelector (C:\Users\rbran\AppData\Local\Temp\playwright-java-11286779570436502517\package\lib\server\isomorphic\cssParser.js:232:51)
    at consumeComplexSelector (C:\Users\rbran\AppData\Local\Temp\playwright-java-11286779570436502517\package\lib\server\isomorphic\cssParser.js:149:19)
    at consumeArgument (C:\Users\rbran\AppData\Local\Temp\playwright-java-11286779570436502517\package\lib\server\isomorphic\cssParser.js:127:12)
    at consumeFunctionArguments (C:\Users\rbran\AppData\Local\Temp\playwright-java-11286779570436502517\package\lib\server\isomorphic\cssParser.js:111:21)
    at parseCSS (C:\Users\rbran\AppData\Local\Temp\playwright-java-11286779570436502517\package\lib\server\isomorphic\cssParser.js:247:18)
    at C:\Users\rbran\AppData\Local\Temp\playwright-java-11286779570436502517\package\lib\server\isomorphic\selectorParser.js:52:49
    at Array.map (<anonymous>)
    at parseSelector (C:\Users\rbran\AppData\Local\Temp\playwright-java-11286779570436502517\package\lib\server\isomorphic\selectorParser.js:49:30)
    at splitSelectorByFrame (C:\Users\rbran\AppData\Local\Temp\playwright-java-11286779570436502517\package\lib\server\isomorphic\selectorParser.js:101:20)
}]]>
            </message>
            <full-stacktrace>
              <![CDATA[com.microsoft.playwright.PlaywrightException: Error {
  message='Unexpected token "" while parsing selector ""
  name='Error
  stack='Error: Unexpected token "" while parsing selector ""
    at unexpected (C:\Users\rbran\AppData\Local\Temp\playwright-java-11286779570436502517\package\lib\server\isomorphic\cssParser.js:67:12)
    at consumeSimpleSelector (C:\Users\rbran\AppData\Local\Temp\playwright-java-11286779570436502517\package\lib\server\isomorphic\cssParser.js:232:51)
    at consumeComplexSelector (C:\Users\rbran\AppData\Local\Temp\playwright-java-11286779570436502517\package\lib\server\isomorphic\cssParser.js:149:19)
    at consumeArgument (C:\Users\rbran\AppData\Local\Temp\playwright-java-11286779570436502517\package\lib\server\isomorphic\cssParser.js:127:12)
    at consumeFunctionArguments (C:\Users\rbran\AppData\Local\Temp\playwright-java-11286779570436502517\package\lib\server\isomorphic\cssParser.js:111:21)
    at parseCSS (C:\Users\rbran\AppData\Local\Temp\playwright-java-11286779570436502517\package\lib\server\isomorphic\cssParser.js:247:18)
    at C:\Users\rbran\AppData\Local\Temp\playwright-java-11286779570436502517\package\lib\server\isomorphic\selectorParser.js:52:49
    at Array.map (<anonymous>)
    at parseSelector (C:\Users\rbran\AppData\Local\Temp\playwright-java-11286779570436502517\package\lib\server\isomorphic\selectorParser.js:49:30)
    at splitSelectorByFrame (C:\Users\rbran\AppData\Local\Temp\playwright-java-11286779570436502517\package\lib\server\isomorphic\selectorParser.js:101:20)
}
at com.microsoft.playwright.impl.WaitableResult.get(WaitableResult.java:54)
at com.microsoft.playwright.impl.ChannelOwner.runUntil(ChannelOwner.java:103)
at com.microsoft.playwright.impl.Connection.sendMessage(Connection.java:106)
at com.microsoft.playwright.impl.ChannelOwner.sendMessage(ChannelOwner.java:94)
at com.microsoft.playwright.impl.FrameImpl.clickImpl(FrameImpl.java:255)
at com.microsoft.playwright.impl.FrameImpl.lambda$click$9(FrameImpl.java:246)
at com.microsoft.playwright.impl.LoggingSupport.lambda$withLogging$0(LoggingSupport.java:36)
at com.microsoft.playwright.impl.LoggingSupport.withLogging(LoggingSupport.java:47)
at com.microsoft.playwright.impl.ChannelOwner.withLogging(ChannelOwner.java:79)
at com.microsoft.playwright.impl.LoggingSupport.withLogging(LoggingSupport.java:35)
at com.microsoft.playwright.impl.FrameImpl.click(FrameImpl.java:246)
at com.microsoft.playwright.impl.LocatorImpl.click(LocatorImpl.java:132)
at com.microsoft.playwright.Locator.click(Locator.java:1731)
at automationLabsTest.playwright.addUsersTest.homePageTest(addUsersTest.java:40)
at java.base/jdk.internal.reflect.NativeMethodAccessorImpl.invoke0(Native Method)
at java.base/jdk.internal.reflect.NativeMethodAccessorImpl.invoke(NativeMethodAccessorImpl.java:77)
at java.base/jdk.internal.reflect.DelegatingMethodAccessorImpl.invoke(DelegatingMethodAccessorImpl.java:43)
at java.base/java.lang.reflect.Method.invoke(Method.java:568)
at org.testng.internal.invokers.MethodInvocationHelper.invokeMethod(MethodInvocationHelper.java:139)
at org.testng.internal.invokers.TestInvoker.invokeMethod(TestInvoker.java:677)
at org.testng.internal.invokers.TestInvoker.invokeTestMethod(TestInvoker.java:221)
at org.testng.internal.invokers.MethodRunner.runInSequence(MethodRunner.java:50)
at org.testng.internal.invokers.TestInvoker$MethodInvocationAgent.invoke(TestInvoker.java:962)
at org.testng.internal.invokers.TestInvoker.invokeTestMethods(TestInvoker.java:194)
at org.testng.internal.invokers.TestMethodWorker.invokeTestMethods(TestMethodWorker.java:148)
at org.testng.internal.invokers.TestMethodWorker.run(TestMethodWorker.java:128)
at java.base/java.util.ArrayList.forEach(ArrayList.java:1511)
at org.testng.TestRunner.privateRun(TestRunner.java:806)
at org.testng.TestRunner.run(TestRunner.java:601)
at org.testng.SuiteRunner.runTest(SuiteRunner.java:433)
at org.testng.SuiteRunner.runSequentially(SuiteRunner.java:427)
at org.testng.SuiteRunner.privateRun(SuiteRunner.java:387)
at org.testng.SuiteRunner.run(SuiteRunner.java:330)
at org.testng.SuiteRunnerWorker.runSuite(SuiteRunnerWorker.java:52)
at org.testng.SuiteRunnerWorker.run(SuiteRunnerWorker.java:95)
at org.testng.TestNG.runSuitesSequentially(TestNG.java:1256)
at org.testng.TestNG.runSuitesLocally(TestNG.java:1176)
at org.testng.TestNG.runSuites(TestNG.java:1099)
at org.testng.TestNG.run(TestNG.java:1067)
at org.testng.remote.AbstractRemoteTestNG.run(AbstractRemoteTestNG.java:115)
at org.testng.remote.RemoteTestNG.initAndRun(RemoteTestNG.java:251)
at org.testng.remote.RemoteTestNG.main(RemoteTestNG.java:77)
Caused by: com.microsoft.playwright.impl.DriverException: Error {
  message='Unexpected token "" while parsing selector ""
  name='Error
  stack='Error: Unexpected token "" while parsing selector ""
    at unexpected (C:\Users\rbran\AppData\Local\Temp\playwright-java-11286779570436502517\package\lib\server\isomorphic\cssParser.js:67:12)
    at consumeSimpleSelector (C:\Users\rbran\AppData\Local\Temp\playwright-java-11286779570436502517\package\lib\server\isomorphic\cssParser.js:232:51)
    at consumeComplexSelector (C:\Users\rbran\AppData\Local\Temp\playwright-java-11286779570436502517\package\lib\server\isomorphic\cssParser.js:149:19)
    at consumeArgument (C:\Users\rbran\AppData\Local\Temp\playwright-java-11286779570436502517\package\lib\server\isomorphic\cssParser.js:127:12)
    at consumeFunctionArguments (C:\Users\rbran\AppData\Local\Temp\playwright-java-11286779570436502517\package\lib\server\isomorphic\cssParser.js:111:21)
    at parseCSS (C:\Users\rbran\AppData\Local\Temp\playwright-java-11286779570436502517\package\lib\server\isomorphic\cssParser.js:247:18)
    at C:\Users\rbran\AppData\Local\Temp\playwright-java-11286779570436502517\package\lib\server\isomorphic\selectorParser.js:52:49
    at Array.map (<anonymous>)
    at parseSelector (C:\Users\rbran\AppData\Local\Temp\playwright-java-11286779570436502517\package\lib\server\isomorphic\selectorParser.js:49:30)
    at splitSelectorByFrame (C:\Users\rbran\AppData\Local\Temp\playwright-java-11286779570436502517\package\lib\server\isomorphic\selectorParser.js:101:20)
}
at com.microsoft.playwright.impl.Connection.dispatch(Connection.java:188)
at com.microsoft.playwright.impl.Connection.processOneMessage(Connection.java:168)
at com.microsoft.playwright.impl.ChannelOwner.runUntil(ChannelOwner.java:101)
... 40 more
]]>
            </full-stacktrace>
          </exception> <!-- com.microsoft.playwright.PlaywrightException -->
          <reporter-output>
          </reporter-output>
        </test-method> <!-- homePageTest -->
        <test-method is-config="true" signature="closeup()[pri:0, instance:automationLabsTest.playwright.addUsersTest@66d3eec0]" started-at="2022-07-12T01:20:42 IST" name="closeup" finished-at="2022-07-12T01:20:49 IST" duration-ms="6280" status="PASS">
          <reporter-output>
          </reporter-output>
        </test-method> <!-- closeup -->
      </class> <!-- automationLabsTest.playwright.addUsersTest -->
    </test> <!-- Default test -->
  </suite> <!-- Default suite -->
</testng-results>
